0 info it worked if it ends with ok
1 verbose cli [ '/usr/bin/nodejs', '/usr/bin/npm', 'run', 'dev' ]
2 info using npm@3.10.5
3 info using node@v4.4.7
4 verbose run-script [ 'predev', 'dev', 'postdev' ]
5 info lifecycle pokegodex.tasks@1.0.0~predev: pokegodex.tasks@1.0.0
6 silly lifecycle pokegodex.tasks@1.0.0~predev: no script for predev, continuing
7 info lifecycle pokegodex.tasks@1.0.0~dev: pokegodex.tasks@1.0.0
8 verbose lifecycle pokegodex.tasks@1.0.0~dev: unsafe-perm in lifecycle true
9 verbose lifecycle pokegodex.tasks@1.0.0~dev: PATH: /usr/lib/node_modules/npm/bin/node-gyp-bin:/home/users/brunnel6/Workspace/Private/PokemonGOPokedex/tasks/node_modules/.bin:/usr/bin:/home/user/bin:/usr/bin
10 verbose lifecycle pokegodex.tasks@1.0.0~dev: CWD: /home/users/brunnel6/Workspace/Private/PokemonGOPokedex/tasks
11 silly lifecycle pokegodex.tasks@1.0.0~dev: Args: [ '-c', 'babel-node src/index.js' ]
12 info lifecycle pokegodex.tasks@1.0.0~dev: Failed to exec dev script
13 verbose stack Error: pokegodex.tasks@1.0.0 dev: `babel-node src/index.js`
13 verbose stack spawn sh ENOENT
13 verbose stack     at exports._errnoException (util.js:873:11)
13 verbose stack     at Process.ChildProcess._handle.onexit (internal/child_process.js:178:32)
13 verbose stack     at onErrorNT (internal/child_process.js:344:16)
13 verbose stack     at nextTickCallbackWith2Args (node.js:442:9)
13 verbose stack     at process._tickCallback (node.js:356:17)
14 verbose pkgid pokegodex.tasks@1.0.0
15 verbose cwd /home/users/brunnel6/Workspace/Private/PokemonGOPokedex/tasks
16 error Linux 4.4.0-28-generic
17 error argv "/usr/bin/nodejs" "/usr/bin/npm" "run" "dev"
18 error node v4.4.7
19 error npm  v3.10.5
20 error file sh
21 error path sh
22 error code ELIFECYCLE
23 error errno ENOENT
24 error syscall spawn sh
25 error pokegodex.tasks@1.0.0 dev: `babel-node src/index.js`
25 error spawn sh ENOENT
26 error Failed at the pokegodex.tasks@1.0.0 dev script 'babel-node src/index.js'.
26 error Make sure you have the latest version of node.js and npm installed.
26 error If you do, this is most likely a problem with the pokegodex.tasks package,
26 error not with npm itself.
26 error Tell the author that this fails on your system:
26 error     babel-node src/index.js
26 error You can get information on how to open an issue for this project with:
26 error     npm bugs pokegodex.tasks
26 error Or if that isn't available, you can get their info via:
26 error     npm owner ls pokegodex.tasks
26 error There is likely additional logging output above.
27 verbose exit [ 1, true ]
